Using pre-set license
Built from '2020.3/staging' branch; Version is '2020.3.17f1 (a4537701e4ab) revision 10769271'; Using compiler version '192528614'; Build Type 'Release'
OS: 'Windows 10 Enterprise; OS build 19042.1348; Version 2009; 64bit' Language: 'en' Physical Memory: 16097 MB
BatchMode: 1, IsHumanControllingUs: 0, StartBugReporterOnCrash: 0, Is64bit: 1, IsPro: 0

COMMAND LINE ARGUMENTS:
C:\Program Files\Unity\Hub\Editor\2020.3.17f1\Editor\Unity.exe
-adb2
-batchMode
-noUpm
-name
AssetImportWorker0
-projectPath
E:/SIM 150 Game Systems/HeroBorn
-logFile
Logs/AssetImportWorker0.log
-srvPort
55477
Successfully changed project path to: E:/SIM 150 Game Systems/HeroBorn
E:/SIM 150 Game Systems/HeroBorn
Using Asset Import Pipeline V2.
Refreshing native plugins compatible for Editor in 22.57 ms, found 2 plugins.
Preloading 0 native plugins for Editor in 0.00 ms.
Initialize engine version: 2020.3.17f1 (a4537701e4ab)
[Subsystems] Discovering subsystems at path C:/Program Files/Unity/Hub/Editor/2020.3.17f1/Editor/Data/Resources/UnitySubsystems
[Subsystems] Discovering subsystems at path E:/SIM 150 Game Systems/HeroBorn/Assets
GfxDevice: creating device client; threaded=0
Direct3D:
    Version:  Direct3D 11.0 [level 11.1]
    Renderer: NVIDIA GeForce GTX 1660 SUPER (ID=0x21c4)
    Vendor:   
    VRAM:     5991 MB
    Driver:   30.0.14.7196
Initialize mono
Mono path[0] = 'C:/Program Files/Unity/Hub/Editor/2020.3.17f1/Editor/Data/Managed'
Mono path[1] = 'C:/Program Files/Unity/Hub/Editor/2020.3.17f1/Editor/Data/MonoBleedingEdge/lib/mono/unityjit'
Mono config path = 'C:/Program Files/Unity/Hub/Editor/2020.3.17f1/Editor/Data/MonoBleedingEdge/etc'
Using monoOptions --debugger-agent=transport=dt_socket,embedding=1,server=y,suspend=n,address=127.0.0.1:56236
Begin MonoManager ReloadAssembly
Registering precompiled unity dll's ...
Register platform support module: C:/Program Files/Unity/Hub/Editor/2020.3.17f1/Editor/Data/PlaybackEngines/WebGLSupport/UnityEditor.WebGL.Extensions.dll
Register platform support module: C:/Program Files/Unity/Hub/Editor/2020.3.17f1/Editor/Data/PlaybackEngines/WindowsStandaloneSupport/UnityEditor.WindowsStandalone.Extensions.dll
Registered in 0.001591 seconds.
Native extension for WindowsStandalone target not found
Native extension for WebGL target not found
Refreshing native plugins compatible for Editor in 22.18 ms, found 2 plugins.
Preloading 0 native plugins for Editor in 0.00 ms.
Mono: successfully reloaded assembly
- Completed reload, in  1.467 seconds
Domain Reload Profiling:
	ReloadAssembly (1467ms)
		BeginReloadAssembly (56ms)
			ExecutionOrderSort (0ms)
			DisableScriptedObjects (0ms)
			BackupInstance (0ms)
			ReleaseScriptingObjects (0ms)
			CreateAndSetChildDomain (1ms)
		EndReloadAssembly (318ms)
			LoadAssemblies (55ms)
			RebuildTransferFunctionScriptingTraits (0ms)
			SetupTypeCache (118ms)
			ReleaseScriptCaches (0ms)
			RebuildScriptCaches (24ms)
			SetupLoadedEditorAssemblies (112ms)
				LogAssemblyErrors (0ms)
				InitializePlatformSupportModulesInManaged (3ms)
				SetLoadedEditorAssemblies (0ms)
				RefreshPlugins (22ms)
				BeforeProcessingInitializeOnLoad (6ms)
				ProcessInitializeOnLoadAttributes (59ms)
				ProcessInitializeOnLoadMethodAttributes (21ms)
				AfterProcessingInitializeOnLoad (0ms)
				EditorAssembliesLoaded (0ms)
			ExecutionOrderSort2 (0ms)
			AwakeInstancesAfterBackupRestoration (0ms)
Platform modules already initialized, skipping
Registering precompiled user dll's ...
Registered in 0.002458 seconds.
Begin MonoManager ReloadAssembly
Native extension for WindowsStandalone target not found
Native extension for WebGL target not found
Refreshing native plugins compatible for Editor in 0.26 ms, found 2 plugins.
Preloading 0 native plugins for Editor in 0.00 ms.
Mono: successfully reloaded assembly
- Completed reload, in  0.860 seconds
Domain Reload Profiling:
	ReloadAssembly (861ms)
		BeginReloadAssembly (121ms)
			ExecutionOrderSort (0ms)
			DisableScriptedObjects (4ms)
			BackupInstance (0ms)
			ReleaseScriptingObjects (0ms)
			CreateAndSetChildDomain (15ms)
		EndReloadAssembly (693ms)
			LoadAssemblies (68ms)
			RebuildTransferFunctionScriptingTraits (0ms)
			SetupTypeCache (209ms)
			ReleaseScriptCaches (0ms)
			RebuildScriptCaches (31ms)
			SetupLoadedEditorAssemblies (316ms)
				LogAssemblyErrors (0ms)
				InitializePlatformSupportModulesInManaged (4ms)
				SetLoadedEditorAssemblies (0ms)
				RefreshPlugins (0ms)
				BeforeProcessingInitializeOnLoad (41ms)
				ProcessInitializeOnLoadAttributes (263ms)
				ProcessInitializeOnLoadMethodAttributes (3ms)
				AfterProcessingInitializeOnLoad (4ms)
				EditorAssembliesLoaded (0ms)
			ExecutionOrderSort2 (0ms)
			AwakeInstancesAfterBackupRestoration (5ms)
Platform modules already initialized, skipping
========================================================================
Worker process is ready to serve import requests
Launched and connected shader compiler UnityShaderCompiler.exe after 0.09 seconds
Refreshing native plugins compatible for Editor in 0.43 ms, found 2 plugins.
Preloading 0 native plugins for Editor in 0.00 ms.
Unloading 1397 Unused Serialized files (Serialized files now loaded: 0)
System memory in use before: 64.9 MB.
System memory in use after: 65.0 MB.

Unloading 18 unused Assets to reduce memory usage. Loaded Objects now: 1830.
Total: 2.394100 ms (FindLiveObjects: 0.137200 ms CreateObjectMapping: 0.036400 ms MarkObjects: 2.166700 ms  DeleteObjects: 0.052900 ms)

AssetImportParameters requested are different than current active one (requested -> active):
  custom:framework-win-MediaFoundation: 216162199b28c13a410421893ffa2e32 -> 
  custom:video-decoder-ogg-theora: a1e56fd34408186e4bbccfd4996cb3dc -> 
  custom:container-muxer-webm: aa71ff27fc2769a1b78a27578f13a17b -> 
  custom:container-demuxer-webm: 4f35f7cbe854078d1ac9338744f61a02 -> 
  custom:container-demuxer-ogg: 62fdf1f143b41e24485cea50d1cbac27 -> 
  custom:video-encoder-webm-vp8: eb34c28f22e8b96e1ab97ce403110664 -> 
  custom:video-decoder-webm-vp8: 9c59270c3fd7afecdb556c50c9e8de78 -> 
  custom:audio-decoder-ogg-vorbis: bf7c407c2cedff20999df2af8eb42d56 -> 
  custom:audio-encoder-webm-vorbis: bf7c407c2cedff20999df2af8eb42d56 -> 
========================================================================
Received Import Request.
  path: Assets
  artifactKey: Guid(00000000000000001000000000000000) Importer(815301076,1909f56bfc062723c751e8b465ee728b)
Start importing Assets using Guid(00000000000000001000000000000000) Importer(815301076,1909f56bfc062723c751e8b465ee728b)  -> (artifact id: '42d402b061de3733987d63b9cc3b64de') in 0.020223 seconds 
  Import took 0.024818 seconds .

========================================================================
Received Import Request.
  Time since last request: 17.940942 seconds.
  path: Assets/New Material.mat
  artifactKey: Guid(4cbe3906ef509894ba7d0aafbd547482) Importer(815301076,1909f56bfc062723c751e8b465ee728b)
Start importing Assets/New Material.mat using Guid(4cbe3906ef509894ba7d0aafbd547482) Importer(815301076,1909f56bfc062723c751e8b465ee728b)  -> (artifact id: 'dd52bd2afa25232cb17f43e7c0784d90') in 0.149139 seconds 
  Import took 0.154017 seconds .

========================================================================
Received Import Request.
  Time since last request: 395.209330 seconds.
  path: Assets/Materials
  artifactKey: Guid(b959d2082ddca8146a88505ea89a5ba5) Importer(815301076,1909f56bfc062723c751e8b465ee728b)
Start importing Assets/Materials using Guid(b959d2082ddca8146a88505ea89a5ba5) Importer(815301076,1909f56bfc062723c751e8b465ee728b)  -> (artifact id: 'd231c327c63ba360f0681d6407bc25a3') in 0.022340 seconds 
  Import took 0.027716 seconds .

========================================================================
Received Import Request.
  Time since last request: 2.741369 seconds.
  path: Assets/Materials/New Material.mat
  artifactKey: Guid(4cbe3906ef509894ba7d0aafbd547482) Importer(815301076,1909f56bfc062723c751e8b465ee728b)
Start importing Assets/Materials/New Material.mat using Guid(4cbe3906ef509894ba7d0aafbd547482) Importer(815301076,1909f56bfc062723c751e8b465ee728b)  -> (artifact id: '3eb940a86daf8374ab0ef1df33058a49') in 0.042011 seconds 
  Import took 0.046896 seconds .

========================================================================
Received Import Request.
  Time since last request: 67.905682 seconds.
  path: Assets/Materials/ground_material.mat
  artifactKey: Guid(4cbe3906ef509894ba7d0aafbd547482) Importer(815301076,1909f56bfc062723c751e8b465ee728b)
Start importing Assets/Materials/ground_material.mat using Guid(4cbe3906ef509894ba7d0aafbd547482) Importer(815301076,1909f56bfc062723c751e8b465ee728b)  -> (artifact id: 'fd94ffc585e9b59db34e005999562b7d') in 0.053784 seconds 
  Import took 0.058800 seconds .

========================================================================
Received Import Request.
  Time since last request: 10.520411 seconds.
  path: Assets/Materials/Ground_Mat.mat
  artifactKey: Guid(4cbe3906ef509894ba7d0aafbd547482) Importer(815301076,1909f56bfc062723c751e8b465ee728b)
Start importing Assets/Materials/Ground_Mat.mat using Guid(4cbe3906ef509894ba7d0aafbd547482) Importer(815301076,1909f56bfc062723c751e8b465ee728b)  -> (artifact id: '5e542d9ad270484177575f7f828e892b') in 0.060721 seconds 
  Import took 0.065835 seconds .

========================================================================
Received Import Request.
  Time since last request: 1104.631019 seconds.
  path: Assets/New Folder
  artifactKey: Guid(6010bad3abfdd5548b9915018b1f592e) Importer(815301076,1909f56bfc062723c751e8b465ee728b)
Start importing Assets/New Folder using Guid(6010bad3abfdd5548b9915018b1f592e) Importer(815301076,1909f56bfc062723c751e8b465ee728b)  -> (artifact id: 'fb89cc674701511eba37e5a780bfe279') in 0.019668 seconds 
  Import took 0.022257 seconds .

========================================================================
Received Import Request.
  Time since last request: 8.913842 seconds.
  path: Assets/Prefabs
  artifactKey: Guid(6010bad3abfdd5548b9915018b1f592e) Importer(815301076,1909f56bfc062723c751e8b465ee728b)
Start importing Assets/Prefabs using Guid(6010bad3abfdd5548b9915018b1f592e) Importer(815301076,1909f56bfc062723c751e8b465ee728b)  -> (artifact id: 'e64770db410790a6b36a6f42ff5be897') in 0.033105 seconds 
  Import took 0.035242 seconds .

========================================================================
Received Import Request.
  Time since last request: 64.507516 seconds.
  path: Assets/Prefabs/Barrier_01.prefab
  artifactKey: Guid(6efe8e21f917eb449b6cf9fc4ca3b3c0) Importer(815301076,1909f56bfc062723c751e8b465ee728b)
Start importing Assets/Prefabs/Barrier_01.prefab using Guid(6efe8e21f917eb449b6cf9fc4ca3b3c0) Importer(815301076,1909f56bfc062723c751e8b465ee728b)  -> (artifact id: '727a0b325b10dbdad41eff381e2e5311') in 0.056062 seconds 
  Import took 0.058313 seconds .

========================================================================
Received Import Request.
  Time since last request: 219.893871 seconds.
  path: Assets/Prefabs/Barrier_01.prefab
  artifactKey: Guid(6efe8e21f917eb449b6cf9fc4ca3b3c0) Importer(815301076,1909f56bfc062723c751e8b465ee728b)
Start importing Assets/Prefabs/Barrier_01.prefab using Guid(6efe8e21f917eb449b6cf9fc4ca3b3c0) Importer(815301076,1909f56bfc062723c751e8b465ee728b)  -> (artifact id: '4e1e670cfa154f58368399ae93562ad7') in 0.055056 seconds 
  Import took 0.058232 seconds .

AssetImportWorkerClient::OnTransportError - code=2 error=End of file
